\BOOKMARK [0][-]{section*.1}{\376\377\000D\000e\000c\000l\000a\000r\000a\000t\000i\000o\000n\000\040\000o\000f\000\040\000A\000u\000t\000h\000o\000r\000s\000h\000i\000p}{}% 1
\BOOKMARK [0][-]{section*.2}{\376\377\000A\000b\000s\000t\000r\000a\000c\000t}{}% 2
\BOOKMARK [-1][]{part.4}{\376\377\000I\000\040\000Q\000M\000C\000\040\000f\000o\000r\000\040\000t\000r\000a\000i\000n\000i\000n\000g\000\040\000o\000f\000\040\000N\000e\000u\000r\000a\000l\000\040\000N\000e\000t\000w\000o\000r\000k\000s}{}% 3
\BOOKMARK [0][-]{chapter.5}{\376\377\000Q\000u\000a\000s\000i\000-\000M\000o\000n\000t\000e\000\040\000C\000a\000r\000l\000o\000\040\000M\000e\000t\000h\000o\000d\000s\000\040\000f\000o\000r\000\040\000D\000e\000e\000p\000\040\000L\000e\000a\000r\000n\000i\000n\000g\000:\000\040\000M\000o\000t\000i\000v\000a\000t\000i\000o\000n\000\040\000a\000n\000d\000\040\000O\000b\000j\000e\000c\000t\000i\000v\000e\000s}{part.4}% 4
\BOOKMARK [1][-]{section.6}{\376\377\000C\000h\000a\000l\000l\000e\000n\000g\000e\000s\000\040\000i\000n\000\040\000N\000e\000u\000r\000a\000l\000\040\000N\000e\000t\000w\000o\000r\000k\000\040\000T\000r\000a\000i\000n\000i\000n\000g}{chapter.5}% 5
\BOOKMARK [1][-]{section.7}{\376\377\000L\000i\000m\000i\000t\000a\000t\000i\000o\000n\000s\000\040\000o\000f\000\040\000M\000o\000n\000t\000e\000\040\000C\000a\000r\000l\000o\000\040\000S\000a\000m\000p\000l\000i\000n\000g}{chapter.5}% 6
\BOOKMARK [1][-]{section.8}{\376\377\000O\000b\000j\000e\000c\000t\000i\000v\000e\000s\000\040\000a\000n\000d\000\040\000S\000c\000o\000p\000e\000\040\000o\000f\000\040\000t\000h\000e\000\040\000T\000h\000e\000s\000i\000s}{chapter.5}% 7
\BOOKMARK [1][-]{section.9}{\376\377\000O\000u\000t\000l\000i\000n\000e\000\040\000o\000f\000\040\000t\000h\000e\000\040\000T\000h\000e\000s\000i\000s}{chapter.5}% 8
\BOOKMARK [0][-]{chapter.10}{\376\377\000T\000h\000e\000o\000r\000e\000t\000i\000c\000a\000l\000\040\000F\000o\000u\000n\000d\000a\000t\000i\000o\000n\000s}{part.4}% 9
\BOOKMARK [1][-]{section.11}{\376\377\000F\000u\000n\000c\000t\000i\000o\000n\000\040\000A\000p\000p\000r\000o\000x\000i\000m\000a\000t\000i\000o\000n\000\040\000w\000i\000t\000h\000\040\000N\000e\000u\000r\000a\000l\000\040\000N\000e\000t\000w\000o\000r\000k\000s}{chapter.10}% 10
\BOOKMARK [1][-]{section.12}{\376\377\000S\000a\000m\000p\000l\000i\000n\000g\000-\000B\000a\000s\000e\000d\000\040\000L\000e\000a\000r\000n\000i\000n\000g\000:\000\040\000M\000C\000\040\000v\000s\000.\000\040\000Q\000M\000C}{chapter.10}% 11
\BOOKMARK [2][-]{subsection.13}{\376\377\000M\000o\000n\000t\000e\000\040\000C\000a\000r\000l\000o\000\040\000S\000a\000m\000p\000l\000i\000n\000g\000\040\000i\000n\000\040\000H\000i\000g\000h\000\040\000D\000i\000m\000e\000n\000s\000i\000o\000n\000s}{section.12}% 12
\BOOKMARK [2][-]{subsection.14}{\376\377\000L\000o\000w\000-\000D\000i\000s\000c\000r\000e\000p\000a\000n\000c\000y\000\040\000S\000e\000q\000u\000e\000n\000c\000e\000s\000\040\000a\000n\000d\000\040\000Q\000M\000C\000\040\000T\000h\000e\000o\000r\000y}{section.12}% 13
\BOOKMARK [1][-]{section.15}{\376\377\000C\000o\000n\000v\000e\000r\000g\000e\000n\000c\000e\000\040\000i\000n\000\040\000D\000e\000t\000e\000r\000m\000i\000n\000i\000s\000t\000i\000c\000\040\000a\000n\000d\000\040\000S\000t\000o\000c\000h\000a\000s\000t\000i\000c\000\040\000L\000e\000a\000r\000n\000i\000n\000g}{chapter.10}% 14
\BOOKMARK [1][-]{section.16}{\376\377\000S\000t\000o\000c\000h\000a\000s\000t\000i\000c\000\040\000F\000u\000n\000c\000t\000i\000o\000n\000s\000\040\000a\000n\000d\000\040\000P\000h\000o\000t\000o\000n\000\040\000T\000r\000a\000n\000s\000p\000o\000r\000t\000\040\000M\000o\000d\000e\000l\000s}{chapter.10}% 15
\BOOKMARK [0][-]{chapter.17}{\376\377\000N\000e\000u\000r\000a\000l\000\040\000N\000e\000t\000w\000o\000r\000k\000\040\000T\000r\000a\000i\000n\000i\000n\000g\000\040\000w\000i\000t\000h\000\040\000Q\000M\000C\000\040\000i\000n\000\040\000D\000e\000t\000e\000r\000m\000i\000n\000i\000s\000t\000i\000c\000\040\000S\000e\000t\000t\000i\000n\000g\000s}{part.4}% 16
\BOOKMARK [1][-]{section.18}{\376\377\000P\000r\000o\000b\000l\000e\000m\000\040\000S\000e\000t\000u\000p\000\040\000a\000n\000d\000\040\000I\000n\000p\000u\000t\000\040\000S\000p\000a\000c\000e\000\040\000D\000e\000s\000i\000g\000n}{chapter.17}% 17
\BOOKMARK [1][-]{section.19}{\376\377\000G\000e\000n\000e\000r\000a\000t\000i\000o\000n\000\040\000o\000f\000\040\000T\000r\000a\000i\000n\000i\000n\000g\000\040\000S\000e\000t\000s\000\040\000v\000i\000a\000\040\000Q\000M\000C\000\040\000a\000n\000d\000\040\000M\000C}{chapter.17}% 18
\BOOKMARK [1][-]{section.20}{\376\377\000N\000e\000t\000w\000o\000r\000k\000\040\000A\000r\000c\000h\000i\000t\000e\000c\000t\000u\000r\000e\000\040\000a\000n\000d\000\040\000T\000r\000a\000i\000n\000i\000n\000g\000\040\000P\000r\000o\000t\000o\000c\000o\000l\000s}{chapter.17}% 19
\BOOKMARK [1][-]{section.21}{\376\377\000C\000o\000n\000v\000e\000r\000g\000e\000n\000c\000e\000\040\000E\000v\000a\000l\000u\000a\000t\000i\000o\000n\000\040\000a\000n\000d\000\040\000E\000r\000r\000o\000r\000\040\000M\000e\000t\000r\000i\000c\000s}{chapter.17}% 20
\BOOKMARK [1][-]{section.22}{\376\377\000C\000o\000m\000p\000a\000r\000a\000t\000i\000v\000e\000\040\000R\000e\000s\000u\000l\000t\000s}{chapter.17}% 21
\BOOKMARK [0][-]{chapter.23}{\376\377\000N\000e\000u\000r\000a\000l\000\040\000N\000e\000t\000w\000o\000r\000k\000\040\000T\000r\000a\000i\000n\000i\000n\000g\000\040\000f\000o\000r\000\040\000S\000t\000o\000c\000h\000a\000s\000t\000i\000c\000\040\000F\000u\000n\000c\000t\000i\000o\000n\000s}{part.4}% 22
\BOOKMARK [1][-]{section.24}{\376\377\000M\000o\000d\000e\000l\000i\000n\000g\000\040\000R\000a\000n\000d\000o\000m\000n\000e\000s\000s\000\040\000i\000n\000\040\000P\000h\000y\000s\000i\000c\000a\000l\000\040\000S\000i\000m\000u\000l\000a\000t\000i\000o\000n\000s}{chapter.23}% 23
\BOOKMARK [1][-]{section.25}{\376\377\000S\000a\000m\000p\000l\000i\000n\000g\000\040\000S\000t\000o\000c\000h\000a\000s\000t\000i\000c\000\040\000V\000a\000r\000i\000a\000b\000l\000e\000s\000\040\000w\000i\000t\000h\000\040\000Q\000M\000C\000\040\000a\000n\000d\000\040\000M\000C}{chapter.23}% 24
\BOOKMARK [1][-]{section.26}{\376\377\000D\000a\000t\000a\000\040\000G\000e\000n\000e\000r\000a\000t\000i\000o\000n\000:\000\040\000S\000i\000m\000u\000l\000a\000t\000i\000n\000g\000\040\000P\000h\000o\000t\000o\000n\000\040\000S\000c\000a\000t\000t\000e\000r}{chapter.23}% 25
\BOOKMARK [1][-]{section.27}{\376\377\000L\000e\000a\000r\000n\000i\000n\000g\000\040\000S\000e\000t\000u\000p\000\040\000a\000n\000d\000\040\000E\000x\000p\000e\000r\000i\000m\000e\000n\000t\000a\000l\000\040\000D\000e\000s\000i\000g\000n}{chapter.23}% 26
\BOOKMARK [1][-]{section.28}{\376\377\000C\000o\000n\000v\000e\000r\000g\000e\000n\000c\000e\000\040\000a\000n\000d\000\040\000P\000e\000r\000f\000o\000r\000m\000a\000n\000c\000e\000\040\000C\000o\000m\000p\000a\000r\000i\000s\000o\000n}{chapter.23}% 27
\BOOKMARK [-1][]{part.29}{\376\377\000I\000I\000\040\000X\000-\000r\000a\000y\000\040\000S\000i\000m\000u\000l\000a\000t\000i\000o\000n\000\040\000u\000s\000i\000n\000g\000\040\000Q\000M\000C\000\040\000M\000e\000t\000h\000o\000d\000s}{}% 28
\BOOKMARK [0][-]{chapter.30}{\376\377\000M\000o\000t\000i\000v\000a\000t\000i\000o\000n\000\040\000a\000n\000d\000\040\000P\000r\000o\000b\000l\000e\000m\000\040\000S\000t\000a\000t\000e\000m\000e\000n\000t}{part.29}% 29
\BOOKMARK [1][-]{section.31}{\376\377\000C\000o\000m\000p\000u\000t\000e\000d\000\040\000T\000o\000m\000o\000g\000r\000a\000p\000h\000y\000\040\000I\000m\000a\000g\000i\000n\000g}{chapter.30}% 30
\BOOKMARK [1][-]{section.33}{\376\377\000X\000-\000r\000a\000y\000\040\000I\000m\000a\000g\000i\000n\000g\000\040\000a\000n\000d\000\040\000t\000h\000e\000\040\000C\000h\000a\000l\000l\000e\000n\000g\000e\000\040\000o\000f\000\040\000S\000c\000a\000t\000t\000e\000r}{chapter.30}% 31
\BOOKMARK [1][-]{section.35}{\376\377\000S\000c\000a\000t\000t\000e\000r\000\040\000C\000o\000r\000r\000e\000c\000t\000i\000o\000n\000\040\000M\000e\000t\000h\000o\000d\000s\000\040\000f\000o\000r\000\040\000X\000-\000r\000a\000y\000\040\000I\000m\000a\000g\000i\000n\000g}{chapter.30}% 32
\BOOKMARK [2][-]{subsection.36}{\376\377\000O\000v\000e\000r\000v\000i\000e\000w\000\040\000o\000f\000\040\000S\000c\000a\000t\000t\000e\000r\000\040\000C\000o\000r\000r\000e\000c\000t\000i\000o\000n\000\040\000T\000e\000c\000h\000n\000i\000q\000u\000e\000s}{section.35}% 33
\BOOKMARK [2][-]{subsection.40}{\376\377\000M\000o\000n\000t\000e\000\040\000C\000a\000r\000l\000o\000\040\000S\000i\000m\000u\000l\000a\000t\000i\000o\000n}{section.35}% 34
\BOOKMARK [1][-]{section.41}{\376\377\000H\000i\000g\000h\000-\000L\000e\000v\000e\000l\000\040\000O\000v\000e\000r\000v\000i\000e\000w\000\040\000o\000f\000\040\000t\000h\000e\000\040\000M\000o\000n\000t\000e\000\040\000C\000a\000r\000l\000o\000\040\000S\000i\000m\000u\000l\000a\000t\000i\000o\000n}{chapter.30}% 35
\BOOKMARK [1][-]{section.48}{\376\377\000M\000o\000n\000t\000e\000\040\000C\000a\000r\000l\000o\000\040\000M\000e\000t\000h\000o\000d\000s\000:\000\040\000B\000e\000n\000e\000f\000i\000t\000s\000\040\000\046\000\040\000D\000r\000a\000w\000b\000a\000c\000k\000s}{chapter.30}% 36
\BOOKMARK [0][-]{chapter.50}{\376\377\000P\000h\000y\000s\000i\000c\000a\000l\000\040\000l\000a\000w\000s\000\040\000o\000f\000\040\000P\000h\000o\000t\000o\000n\000\040\000S\000i\000m\000u\000l\000a\000t\000i\000o\000n}{part.29}% 37
\BOOKMARK [1][-]{section.52}{\376\377\000X\000-\000R\000a\000y\000\040\000T\000u\000b\000e}{chapter.50}% 38
\BOOKMARK [2][-]{subsection.54}{\376\377\000P\000h\000o\000t\000o\000n\000\040\000G\000e\000n\000e\000r\000a\000t\000i\000o\000n}{section.52}% 39
\BOOKMARK [2][-]{subsection.58}{\376\377\000F\000i\000l\000t\000e\000r}{section.52}% 40
\BOOKMARK [1][-]{section.61}{\376\377\000P\000h\000o\000t\000o\000n\000\040\000G\000e\000n\000e\000r\000a\000t\000i\000o\000n}{chapter.50}% 41
\BOOKMARK [1][-]{section.71}{\376\377\000S\000c\000a\000t\000t\000e\000r\000i\000n\000g\000\040\000a\000n\000d\000\040\000A\000t\000t\000e\000n\000u\000a\000t\000i\000o\000n}{chapter.50}% 42
\BOOKMARK [2][-]{subsection.73}{\376\377\000F\000r\000e\000e\000\040\000P\000a\000t\000h\000\040\000L\000e\000n\000g\000t\000h}{section.71}% 43
\BOOKMARK [2][-]{subsection.76}{\376\377\000C\000o\000m\000p\000t\000o\000n\000\040\000S\000c\000a\000t\000t\000e\000r\000i\000n\000g}{section.71}% 44
\BOOKMARK [2][-]{subsection.77}{\376\377\000R\000a\000y\000l\000e\000i\000g\000h\000\040\000S\000c\000a\000t\000t\000e\000r\000i\000n\000g}{section.71}% 45
\BOOKMARK [0][-]{chapter.78}{\376\377\000T\000h\000e\000\040\000S\000i\000m\000u\000l\000a\000t\000i\000o\000n\000\040\000A\000l\000g\000o\000r\000i\000t\000h\000m}{part.29}% 46
\BOOKMARK [1][-]{section.80}{\376\377\000A\000l\000g\000o\000r\000i\000t\000h\000m\000\040\000o\000v\000e\000r\000v\000i\000e\000w}{chapter.78}% 47
\BOOKMARK [1][-]{section.81}{\376\377\000S\000u\000b\000-\000A\000l\000g\000o\000r\000i\000t\000h\000m\000s}{chapter.78}% 48
\BOOKMARK [2][-]{subsection.82}{\376\377\000P\000h\000o\000t\000o\000n\000\040\000G\000e\000n\000e\000r\000a\000t\000i\000o\000n}{section.81}% 49
\BOOKMARK [0][-]{appendix.85}{\376\377\000F\000r\000e\000q\000u\000e\000n\000t\000l\000y\000\040\000A\000s\000k\000e\000d\000\040\000Q\000u\000e\000s\000t\000i\000o\000n\000s}{part.29}% 50
\BOOKMARK [1][-]{section.86}{\376\377\000H\000o\000w\000\040\000d\000o\000\040\000I\000\040\000c\000h\000a\000n\000g\000e\000\040\000t\000h\000e\000\040\000c\000o\000l\000o\000r\000s\000\040\000o\000f\000\040\000l\000i\000n\000k\000s\000?}{appendix.85}% 51
\BOOKMARK [0][-]{appendix*.87}{\376\377\000B\000i\000b\000l\000i\000o\000g\000r\000a\000p\000h\000y}{part.29}% 52
